[2026-05-22 11:02:07.991183] realtime_data module loaded
Looking for .env at: C:\Users\MSI\Desktop\DICS_AI_SYSTEM\.env
.env exists: True
OPENWEATHER_API_KEY already in environ
[2026-05-22 11:02:07.992770] realtime_data module loaded
Looking for .env at: C:\Users\MSI\Desktop\DICS_AI_SYSTEM\.env
.env exists: True
OPENWEATHER_API_KEY already in environ
[2026-05-22 11:02:49.615760] realtime_data module loaded
Looking for .env at: C:\Users\MSI\Desktop\DICS_AI_SYSTEM\.env
.env exists: True
OPENWEATHER_API_KEY already in environ
[2026-05-22 11:02:49.616142] realtime_data module loaded
Looking for .env at: C:\Users\MSI\Desktop\DICS_AI_SYSTEM\.env
.env exists: True
OPENWEATHER_API_KEY already in environ
[2026-05-22 11:03:00.684128] realtime_data module loaded
Looking for .env at: C:\Users\MSI\Desktop\DICS_AI_SYSTEM\.env
.env exists: True
OPENWEATHER_API_KEY already in environ
[2026-05-22 11:03:00.685379] realtime_data module loaded
Looking for .env at: C:\Users\MSI\Desktop\DICS_AI_SYSTEM\.env
.env exists: True
OPENWEATHER_API_KEY already in environ
[get_weather_data] Called for city=Cavite
[_get_openweather_api_key] key=14b1bf415c3b390f6eec...
[_get_openweather_api_key] returning key
[get_weather_data] api_key=14b1bf415c...
[get_weather_data] No requests module
[get_weather_data] Called for city=Cavite
[_get_openweather_api_key] key=14b1bf415c3b390f6eec...
[_get_openweather_api_key] returning key
[get_weather_data] api_key=14b1bf415c...
[get_weather_data] No requests module
[get_weather_data] Called for city=Cavite
[_get_openweather_api_key] key=14b1bf415c3b390f6eec...
[_get_openweather_api_key] returning key
[get_weather_data] api_key=14b1bf415c...
[get_weather_data] No requests module
[get_weather_data] Called for city=Cavite
[_get_openweather_api_key] key=14b1bf415c3b390f6eec...
[_get_openweather_api_key] returning key
[get_weather_data] api_key=14b1bf415c...
[get_weather_data] No requests module
[2026-05-22 11:04:06.177085] realtime_data module loaded
Looking for .env at: C:\Users\MSI\Desktop\DICS_AI_SYSTEM\.env
.env exists: True
OPENWEATHER_API_KEY already in environ
[2026-05-22 11:04:06.177305] realtime_data module loaded
Looking for .env at: C:\Users\MSI\Desktop\DICS_AI_SYSTEM\.env
.env exists: True
OPENWEATHER_API_KEY already in environ
[get_weather_data] Called for city=Cavite
[_get_openweather_api_key] key=14b1bf415c3b390f6eec...
[_get_openweather_api_key] returning key
[get_weather_data] api_key=14b1bf415c...
[get_weather_data] Called for city=Cavite
[_get_openweather_api_key] key=14b1bf415c3b390f6eec...
[_get_openweather_api_key] returning key
[get_weather_data] api_key=14b1bf415c...
[get_weather_data] Called for city=Cavite
[_get_openweather_api_key] key=14b1bf415c3b390f6eec...
[_get_openweather_api_key] returning key
[get_weather_data] api_key=14b1bf415c...
[get_weather_data] Called for city=Cavite
[_get_openweather_api_key] key=14b1bf415c3b390f6eec...
[_get_openweather_api_key] returning key
[get_weather_data] api_key=14b1bf415c...
[get_weather_data] Called for city=Cavite
[_get_openweather_api_key] key=14b1bf415c3b390f6eec...
[_get_openweather_api_key] returning key
[get_weather_data] api_key=14b1bf415c...
[get_weather_data] Called for city=Cavite
[_get_openweather_api_key] key=14b1bf415c3b390f6eec...
[_get_openweather_api_key] returning key
[get_weather_data] api_key=14b1bf415c...
